<?xml version="1.0" encoding="UTF-8"?>
<testng-results skipped="0" failed="0" ignored="4" total="8" passed="4">
  <reporter-output>
  </reporter-output>
  <suite name="Suite" duration-ms="63" started-at="2022-01-25T19:58:36Z" finished-at="2022-01-25T19:58:36Z">
    <groups>
      <group name="smoke">
        <method signature="basic2.MobCreditCardMethod1()[pri:0, instance:test.basic2@5419f379]" name="MobCreditCardMethod1" class="test.basic2"/>
        <method signature="basics1.WebCreditCardMethod1()[pri:0, instance:test.basics1@735b5592]" name="WebCreditCardMethod1" class="test.basics1"/>
        <method signature="basics3.WebDebitCardMethod1()[pri:0, instance:test.basics3@58651fd0]" name="WebDebitCardMethod1" class="test.basics3"/>
        <method signature="basics4.MobDebitCardMethod1()[pri:0, instance:test.basics4@4520ebad]" name="MobDebitCardMethod1" class="test.basics4"/>
      </group> <!-- smoke -->
    </groups>
    <test name="Test" duration-ms="63" started-at="2022-01-25T19:58:36Z" finished-at="2022-01-25T19:58:36Z">
      <class name="test.basic2">
        <test-method status="PASS" signature="MobCreditCardMethod1()[pri:0, instance:test.basic2@5419f379]" name="MobCreditCardMethod1" duration-ms="16" started-at="2022-01-25T19:58:36Z" finished-at="2022-01-25T19:58:36Z">
          <reporter-output>
          </reporter-output>
        </test-method> <!-- MobCreditCardMethod1 -->
      </class> <!-- test.basic2 -->
      <class name="test.basics3">
        <test-method status="PASS" signature="WebDebitCardMethod1()[pri:0, instance:test.basics3@58651fd0]" name="WebDebitCardMethod1" duration-ms="0" started-at="2022-01-25T19:58:36Z" finished-at="2022-01-25T19:58:36Z">
          <reporter-output>
          </reporter-output>
        </test-method> <!-- WebDebitCardMethod1 -->
      </class> <!-- test.basics3 -->
      <class name="test.basics4">
        <test-method status="PASS" signature="MobDebitCardMethod1()[pri:0, instance:test.basics4@4520ebad]" name="MobDebitCardMethod1" duration-ms="0" started-at="2022-01-25T19:58:36Z" finished-at="2022-01-25T19:58:36Z">
          <reporter-output>
          </reporter-output>
        </test-method> <!-- MobDebitCardMethod1 -->
      </class> <!-- test.basics4 -->
      <class name="test.basics1">
        <test-method status="PASS" signature="WebCreditCardMethod1()[pri:0, instance:test.basics1@735b5592]" name="WebCreditCardMethod1" duration-ms="16" started-at="2022-01-25T19:58:36Z" finished-at="2022-01-25T19:58:36Z">
          <reporter-output>
          </reporter-output>
        </test-method> <!-- WebCreditCardMethod1 -->
      </class> <!-- test.basics1 -->
    </test> <!-- Test -->
  </suite> <!-- Suite -->
</testng-results>
