<?xml version="1.0" encoding="UTF-8"?>
<!-- Generated by org.testng.reporters.JUnitXMLReporter -->
<testsuite hostname="LENOVO-PC" ignored="0" name="Default test" tests="8" failures="0" timestamp="25 Jan 2022 17:25:42 GMT" time="0.107" errors="0">
  <testcase name="MobCreditCardMethod1" time="0.023" classname="test.basic2"/>
  <testcase name="MobCreditCardMethod2" time="0.003" classname="test.basic2"/>
  <testcase name="WebDebitCardMethod1" time="0.002" classname="test.basics3"/>
  <testcase name="WebDebitCardMethod2" time="0.002" classname="test.basics3"/>
  <testcase name="MobDebitCardMethod1" time="0.002" classname="test.basics4"/>
  <testcase name="MobDebitCardMethod2" time="0.002" classname="test.basics4"/>
  <testcase name="WebCreditCardMethod1" time="0.002" classname="test.basics1"/>
  <testcase name="WebCreditCardMethod2" time="0.002" classname="test.basics1"/>
</testsuite> <!-- Default test -->
