<?xml version="1.0" encoding="UTF-8"?>
<!-- Generated by org.testng.reporters.JUnitXMLReporter -->
<testsuite hostname="LENOVO-PC" ignored="4" name="Test" tests="4" failures="0" timestamp="25 Jan 2022 19:58:36 GMT" time="0.063" errors="0">
  <testcase name="WebCreditCardMethod1" time="0.016" classname="test.basics1"/>
  <testcase name="WebDebitCardMethod1" time="0.0" classname="test.basics3"/>
  <testcase name="MobDebitCardMethod1" time="0.0" classname="test.basics4"/>
  <testcase name="MobCreditCardMethod1" time="0.016" classname="test.basic2"/>
  <testcase name="MobCreditCardMethod2" time="0.0" classname="test.basic2">
    <ignored/>
  </testcase> <!-- MobCreditCardMethod2 -->
  <testcase name="WebDebitCardMethod2" time="0.0" classname="test.basics3">
    <ignored/>
  </testcase> <!-- WebDebitCardMethod2 -->
  <testcase name="MobDebitCardMethod2" time="0.0" classname="test.basics4">
    <ignored/>
  </testcase> <!-- MobDebitCardMethod2 -->
  <testcase name="WebCreditCardMethod2" time="0.0" classname="test.basics1">
    <ignored/>
  </testcase> <!-- WebCreditCardMethod2 -->
</testsuite> <!-- Test -->
