<?xml version="1.0" encoding="UTF-8"?>
<!-- Generated by org.testng.reporters.JUnitXMLReporter -->
<testsuite hostname="LENOVO-PC" ignored="1" name="Credit CardTest" tests="3" failures="0" timestamp="25 Jan 2022 19:38:02 GMT" time="0.063" errors="0">
  <testcase name="WebCreditCardMethod1" time="0.0" classname="test.basics1"/>
  <testcase name="MobCreditCardMethod1" time="0.0" classname="test.basic2"/>
  <testcase name="MobCreditCardMethod2" time="0.0" classname="test.basic2"/>
  <testcase name="WebCreditCardMethod2" time="0.0" classname="test.basics1">
    <ignored/>
  </testcase> <!-- WebCreditCardMethod2 -->
</testsuite> <!-- Credit CardTest -->
