<?xml version="1.0" encoding="UTF-8"?>
<!-- Generated by org.testng.reporters.JUnitXMLReporter -->
<testsuite hostname="LENOVO-PC" ignored="0" name="Debit-CardTest" tests="4" failures="0" timestamp="25 Jan 2022 19:38:02 GMT" time="0.031" errors="0">
  <testcase name="MobDebitCardMethod1" time="0.015" classname="test.basics4"/>
  <testcase name="MobDebitCardMethod2" time="0.0" classname="test.basics4"/>
  <testcase name="WebDebitCardMethod1" time="0.0" classname="test.basics3"/>
  <testcase name="WebDebitCardMethod2" time="0.0" classname="test.basics3"/>
</testsuite> <!-- Debit-CardTest -->
